{"message":"failed to resolve: use of undeclared crate or module `embedded_graphics`","code":{"code":"E0433","explanation":"An undeclared crate, module, or type was used.\n\nErroneous code example:\n\n```compile_fail,E0433\nlet map = HashMap::new();\n// error: failed to resolve: use of undeclared type `HashMap`\n```\n\nPlease verify you didn't misspell the type/module's name or that you didn't\nforget to import it:\n\n```\nuse std::collections::HashMap; // HashMap has been imported.\nlet map: HashMap<u32, u32> = HashMap::new(); // So it can be used!\n```\n\nIf you've expected to use a crate name:\n\n```compile_fail\nuse ferris_wheel::BigO;\n// error: failed to resolve: use of undeclared crate or module `ferris_wheel`\n```\n\nMake sure the crate has been added as a dependency in `Cargo.toml`.\n\nTo use a module from your current crate, add the `crate::` prefix to the path.\n"},"level":"error","spans":[{"file_name":"src/lib.rs","byte_start":40,"byte_end":57,"line_start":2,"line_end":2,"column_start":9,"column_end":26,"is_primary":true,"text":[{"text":"    use embedded_graphics::{","highlight_start":9,"highlight_end":26}],"label":"use of undeclared crate or module `embedded_graphics`","suggested_replacement":null,"suggestion_applicability":null,"expansion":null}],"children":[],"rendered":"\u001b[0m\u001b[1m\u001b[38;5;9merror[E0433]\u001b[0m\u001b[0m\u001b[1m: failed to resolve: use of undeclared crate or module `embedded_graphics`\u001b[0m\n\u001b[0m \u001b[0m\u001b[0m\u001b[1m\u001b[38;5;12m--> \u001b[0m\u001b[0msrc/lib.rs:2:9\u001b[0m\n\u001b[0m  \u001b[0m\u001b[0m\u001b[1m\u001b[38;5;12m|\u001b[0m\n\u001b[0m\u001b[1m\u001b[38;5;12m2\u001b[0m\u001b[0m \u001b[0m\u001b[0m\u001b[1m\u001b[38;5;12m| \u001b[0m\u001b[0m    use embedded_graphics::{\u001b[0m\n\u001b[0m  \u001b[0m\u001b[0m\u001b[1m\u001b[38;5;12m| \u001b[0m\u001b[0m        \u001b[0m\u001b[0m\u001b[1m\u001b[38;5;9m^^^^^^^^^^^^^^^^^\u001b[0m\u001b[0m \u001b[0m\u001b[0m\u001b[1m\u001b[38;5;9muse of undeclared crate or module `embedded_graphics`\u001b[0m\n\n"}
{"message":"unresolved imports `embedded_graphics::pixelcolor::Rgb888`, `embedded_graphics::pixelcolor::RgbColor`, `framebuffer`","code":{"code":"E0432","explanation":"An import was unresolved.\n\nErroneous code example:\n\n```compile_fail,E0432\nuse something::Foo; // error: unresolved import `something::Foo`.\n```\n\nIn Rust 2015, paths in `use` statements are relative to the crate root. To\nimport items relative to the current and parent modules, use the `self::` and\n`super::` prefixes, respectively.\n\nIn Rust 2018, paths in `use` statements are relative to the current module\nunless they begin with the name of a crate or a literal `crate::`, in which\ncase they start from the crate root. As in Rust 2015 code, the `self::` and\n`super::` prefixes refer to the current and parent modules respectively.\n\nAlso verify that you didn't misspell the import name and that the import exists\nin the module from where you tried to import it. Example:\n\n```\nuse self::something::Foo; // Ok.\n\nmod something {\n    pub struct Foo;\n}\n# fn main() {}\n```\n\nIf you tried to use a module from an external crate and are using Rust 2015,\nyou may have missed the `extern crate` declaration (which is usually placed in\nthe crate root):\n\n```edition2015\nextern crate core; // Required to use the `core` crate in Rust 2015.\n\nuse core::any;\n# fn main() {}\n```\n\nIn Rust 2018 the `extern crate` declaration is not required and you can instead\njust `use` it:\n\n```edition2018\nuse core::any; // No extern crate required in Rust 2018.\n# fn main() {}\n```\n"},"level":"error","spans":[{"file_name":"src/lib.rs","byte_start":137,"byte_end":148,"line_start":7,"line_end":7,"column_start":9,"column_end":20,"is_primary":true,"text":[{"text":"    use framebuffer::Framebuffer;","highlight_start":9,"highlight_end":20}],"label":"use of undeclared crate or module `framebuffer`","suggested_replacement":null,"suggestion_applicability":null,"expansion":null},{"file_name":"src/lib.rs","byte_start":82,"byte_end":88,"line_start":3,"line_end":3,"column_start":22,"column_end":28,"is_primary":true,"text":[{"text":"        pixelcolor::{Rgb888, RgbColor},","highlight_start":22,"highlight_end":28}],"label":null,"suggested_replacement":null,"suggestion_applicability":null,"expansion":null},{"file_name":"src/lib.rs","byte_start":90,"byte_end":98,"line_start":3,"line_end":3,"column_start":30,"column_end":38,"is_primary":true,"text":[{"text":"        pixelcolor::{Rgb888, RgbColor},","highlight_start":30,"highlight_end":38}],"label":null,"suggested_replacement":null,"suggestion_applicability":null,"expansion":null}],"children":[],"rendered":"\u001b[0m\u001b[1m\u001b[38;5;9merror[E0432]\u001b[0m\u001b[0m\u001b[1m: unresolved imports `embedded_graphics::pixelcolor::Rgb888`, `embedded_graphics::pixelcolor::RgbColor`, `framebuffer`\u001b[0m\n\u001b[0m \u001b[0m\u001b[0m\u001b[1m\u001b[38;5;12m--> \u001b[0m\u001b[0msrc/lib.rs:3:22\u001b[0m\n\u001b[0m  \u001b[0m\u001b[0m\u001b[1m\u001b[38;5;12m|\u001b[0m\n\u001b[0m\u001b[1m\u001b[38;5;12m3\u001b[0m\u001b[0m \u001b[0m\u001b[0m\u001b[1m\u001b[38;5;12m| \u001b[0m\u001b[0m        pixelcolor::{Rgb888, RgbColor},\u001b[0m\n\u001b[0m  \u001b[0m\u001b[0m\u001b[1m\u001b[38;5;12m| \u001b[0m\u001b[0m                     \u001b[0m\u001b[0m\u001b[1m\u001b[38;5;9m^^^^^^\u001b[0m\u001b[0m  \u001b[0m\u001b[0m\u001b[1m\u001b[38;5;9m^^^^^^^^\u001b[0m\n\u001b[0m\u001b[1m\u001b[38;5;12m...\u001b[0m\n\u001b[0m\u001b[1m\u001b[38;5;12m7\u001b[0m\u001b[0m \u001b[0m\u001b[0m\u001b[1m\u001b[38;5;12m| \u001b[0m\u001b[0m    use framebuffer::Framebuffer;\u001b[0m\n\u001b[0m  \u001b[0m\u001b[0m\u001b[1m\u001b[38;5;12m| \u001b[0m\u001b[0m        \u001b[0m\u001b[0m\u001b[1m\u001b[38;5;9m^^^^^^^^^^^\u001b[0m\u001b[0m \u001b[0m\u001b[0m\u001b[1m\u001b[38;5;9muse of undeclared crate or module `framebuffer`\u001b[0m\n\n"}
{"message":"failed to resolve: use of undeclared type `Size`","code":{"code":"E0433","explanation":"An undeclared crate, module, or type was used.\n\nErroneous code example:\n\n```compile_fail,E0433\nlet map = HashMap::new();\n// error: failed to resolve: use of undeclared type `HashMap`\n```\n\nPlease verify you didn't misspell the type/module's name or that you didn't\nforget to import it:\n\n```\nuse std::collections::HashMap; // HashMap has been imported.\nlet map: HashMap<u32, u32> = HashMap::new(); // So it can be used!\n```\n\nIf you've expected to use a crate name:\n\n```compile_fail\nuse ferris_wheel::BigO;\n// error: failed to resolve: use of undeclared crate or module `ferris_wheel`\n```\n\nMake sure the crate has been added as a dependency in `Cargo.toml`.\n\nTo use a module from your current crate, add the `crate::` prefix to the path.\n"},"level":"error","spans":[{"file_name":"src/lib.rs","byte_start":1680,"byte_end":1684,"line_start":54,"line_end":54,"column_start":13,"column_end":17,"is_primary":true,"text":[{"text":"            Size::new(self.iface.var_screen_info.xres, self.iface.var_screen_info.yres)","highlight_start":13,"highlight_end":17}],"label":"use of undeclared type `Size`","suggested_replacement":null,"suggestion_applicability":null,"expansion":null}],"children":[],"rendered":"\u001b[0m\u001b[1m\u001b[38;5;9merror[E0433]\u001b[0m\u001b[0m\u001b[1m: failed to resolve: use of undeclared type `Size`\u001b[0m\n\u001b[0m  \u001b[0m\u001b[0m\u001b[1m\u001b[38;5;12m--> \u001b[0m\u001b[0msrc/lib.rs:54:13\u001b[0m\n\u001b[0m   \u001b[0m\u001b[0m\u001b[1m\u001b[38;5;12m|\u001b[0m\n\u001b[0m\u001b[1m\u001b[38;5;12m54\u001b[0m\u001b[0m \u001b[0m\u001b[0m\u001b[1m\u001b[38;5;12m| \u001b[0m\u001b[0m            Size::new(self.iface.var_screen_info.xres, self.iface.var_screen_info.yres)\u001b[0m\n\u001b[0m   \u001b[0m\u001b[0m\u001b[1m\u001b[38;5;12m| \u001b[0m\u001b[0m            \u001b[0m\u001b[0m\u001b[1m\u001b[38;5;9m^^^^\u001b[0m\u001b[0m \u001b[0m\u001b[0m\u001b[1m\u001b[38;5;9muse of undeclared type `Size`\u001b[0m\n\n"}
{"message":"cannot find trait `DrawTarget` in this scope","code":{"code":"E0405","explanation":"The code refers to a trait that is not in scope.\n\nErroneous code example:\n\n```compile_fail,E0405\nstruct Foo;\n\nimpl SomeTrait for Foo {} // error: trait `SomeTrait` is not in scope\n```\n\nPlease verify that the name of the trait wasn't misspelled and ensure that it\nwas imported. Example:\n\n```\n# #[cfg(for_demonstration_only)]\n// solution 1:\nuse some_file::SomeTrait;\n\n// solution 2:\ntrait SomeTrait {\n    // some functions\n}\n\nstruct Foo;\n\nimpl SomeTrait for Foo { // ok!\n    // implements functions\n}\n```\n"},"level":"error","spans":[{"file_name":"src/lib.rs","byte_start":484,"byte_end":494,"line_start":22,"line_end":22,"column_start":10,"column_end":20,"is_primary":true,"text":[{"text":"    impl DrawTarget for FrameBufferDisplay {","highlight_start":10,"highlight_end":20}],"label":"not found in this scope","suggested_replacement":null,"suggestion_applicability":null,"expansion":null}],"children":[],"rendered":"\u001b[0m\u001b[1m\u001b[38;5;9merror[E0405]\u001b[0m\u001b[0m\u001b[1m: cannot find trait `DrawTarget` in this scope\u001b[0m\n\u001b[0m  \u001b[0m\u001b[0m\u001b[1m\u001b[38;5;12m--> \u001b[0m\u001b[0msrc/lib.rs:22:10\u001b[0m\n\u001b[0m   \u001b[0m\u001b[0m\u001b[1m\u001b[38;5;12m|\u001b[0m\n\u001b[0m\u001b[1m\u001b[38;5;12m22\u001b[0m\u001b[0m \u001b[0m\u001b[0m\u001b[1m\u001b[38;5;12m| \u001b[0m\u001b[0m    impl DrawTarget for FrameBufferDisplay {\u001b[0m\n\u001b[0m   \u001b[0m\u001b[0m\u001b[1m\u001b[38;5;12m| \u001b[0m\u001b[0m         \u001b[0m\u001b[0m\u001b[1m\u001b[38;5;9m^^^^^^^^^^\u001b[0m\u001b[0m \u001b[0m\u001b[0m\u001b[1m\u001b[38;5;9mnot found in this scope\u001b[0m\n\n"}
{"message":"cannot find type `Rgb888` in this scope","code":{"code":"E0412","explanation":"A used type name is not in scope.\n\nErroneous code examples:\n\n```compile_fail,E0412\nimpl Something {} // error: type name `Something` is not in scope\n\n// or:\n\ntrait Foo {\n    fn bar(N); // error: type name `N` is not in scope\n}\n\n// or:\n\nfn foo(x: T) {} // type name `T` is not in scope\n```\n\nTo fix this error, please verify you didn't misspell the type name, you did\ndeclare it or imported it into the scope. Examples:\n\n```\nstruct Something;\n\nimpl Something {} // ok!\n\n// or:\n\ntrait Foo {\n    type N;\n\n    fn bar(_: Self::N); // ok!\n}\n\n// or:\n\nfn foo<T>(x: T) {} // ok!\n```\n\nAnother case that causes this error is when a type is imported into a parent\nmodule. To fix this, you can follow the suggestion and use File directly or\n`use super::File;` which will import the types from the parent namespace. An\nexample that causes this error is below:\n\n```compile_fail,E0412\nuse std::fs::File;\n\nmod foo {\n    fn some_function(f: File) {}\n}\n```\n\n```\nuse std::fs::File;\n\nmod foo {\n    // either\n    use super::File;\n    // or\n    // use std::fs::File;\n    fn foo(f: File) {}\n}\n# fn main() {} // don't insert it for us; that'll break imports\n```\n"},"level":"error","spans":[{"file_name":"src/lib.rs","byte_start":541,"byte_end":547,"line_start":23,"line_end":23,"column_start":22,"column_end":28,"is_primary":true,"text":[{"text":"        type Color = Rgb888;","highlight_start":22,"highlight_end":28}],"label":"not found in this scope","suggested_replacement":null,"suggestion_applicability":null,"expansion":null}],"children":[],"rendered":"\u001b[0m\u001b[1m\u001b[38;5;9merror[E0412]\u001b[0m\u001b[0m\u001b[1m: cannot find type `Rgb888` in this scope\u001b[0m\n\u001b[0m  \u001b[0m\u001b[0m\u001b[1m\u001b[38;5;12m--> \u001b[0m\u001b[0msrc/lib.rs:23:22\u001b[0m\n\u001b[0m   \u001b[0m\u001b[0m\u001b[1m\u001b[38;5;12m|\u001b[0m\n\u001b[0m\u001b[1m\u001b[38;5;12m23\u001b[0m\u001b[0m \u001b[0m\u001b[0m\u001b[1m\u001b[38;5;12m| \u001b[0m\u001b[0m        type Color = Rgb888;\u001b[0m\n\u001b[0m   \u001b[0m\u001b[0m\u001b[1m\u001b[38;5;12m| \u001b[0m\u001b[0m                     \u001b[0m\u001b[0m\u001b[1m\u001b[38;5;9m^^^^^^\u001b[0m\u001b[0m \u001b[0m\u001b[0m\u001b[1m\u001b[38;5;9mnot found in this scope\u001b[0m\n\n"}
{"message":"cannot find type `Pixel` in this scope","code":{"code":"E0412","explanation":"A used type name is not in scope.\n\nErroneous code examples:\n\n```compile_fail,E0412\nimpl Something {} // error: type name `Something` is not in scope\n\n// or:\n\ntrait Foo {\n    fn bar(N); // error: type name `N` is not in scope\n}\n\n// or:\n\nfn foo(x: T) {} // type name `T` is not in scope\n```\n\nTo fix this error, please verify you didn't misspell the type name, you did\ndeclare it or imported it into the scope. Examples:\n\n```\nstruct Something;\n\nimpl Something {} // ok!\n\n// or:\n\ntrait Foo {\n    type N;\n\n    fn bar(_: Self::N); // ok!\n}\n\n// or:\n\nfn foo<T>(x: T) {} // ok!\n```\n\nAnother case that causes this error is when a type is imported into a parent\nmodule. To fix this, you can follow the suggestion and use File directly or\n`use super::File;` which will import the types from the parent namespace. An\nexample that causes this error is below:\n\n```compile_fail,E0412\nuse std::fs::File;\n\nmod foo {\n    fn some_function(f: File) {}\n}\n```\n\n```\nuse std::fs::File;\n\nmod foo {\n    // either\n    use super::File;\n    // or\n    // use std::fs::File;\n    fn foo(f: File) {}\n}\n# fn main() {} // don't insert it for us; that'll break imports\n```\n"},"level":"error","spans":[{"file_name":"src/lib.rs","byte_start":762,"byte_end":767,"line_start":29,"line_end":29,"column_start":36,"column_end":41,"is_primary":true,"text":[{"text":"            I: IntoIterator<Item = Pixel<Self::Color>>,","highlight_start":36,"highlight_end":41}],"label":"not found in this scope","suggested_replacement":null,"suggestion_applicability":null,"expansion":null}],"children":[],"rendered":"\u001b[0m\u001b[1m\u001b[38;5;9merror[E0412]\u001b[0m\u001b[0m\u001b[1m: cannot find type `Pixel` in this scope\u001b[0m\n\u001b[0m  \u001b[0m\u001b[0m\u001b[1m\u001b[38;5;12m--> \u001b[0m\u001b[0msrc/lib.rs:29:36\u001b[0m\n\u001b[0m   \u001b[0m\u001b[0m\u001b[1m\u001b[38;5;12m|\u001b[0m\n\u001b[0m\u001b[1m\u001b[38;5;12m29\u001b[0m\u001b[0m \u001b[0m\u001b[0m\u001b[1m\u001b[38;5;12m| \u001b[0m\u001b[0m            I: IntoIterator<Item = Pixel<Self::Color>>,\u001b[0m\n\u001b[0m   \u001b[0m\u001b[0m\u001b[1m\u001b[38;5;12m| \u001b[0m\u001b[0m                                   \u001b[0m\u001b[0m\u001b[1m\u001b[38;5;9m^^^^^\u001b[0m\u001b[0m \u001b[0m\u001b[0m\u001b[1m\u001b[38;5;9mnot found in this scope\u001b[0m\n\n"}
{"message":"cannot find tuple struct or tuple variant `Pixel` in this scope","code":{"code":"E0531","explanation":"An unknown tuple struct/variant has been used.\n\nErroneous code example:\n\n```compile_fail,E0531\nlet Type(x) = Type(12); // error!\nmatch Bar(12) {\n    Bar(x) => {} // error!\n    _ => {}\n}\n```\n\nIn most cases, it's either a forgotten import or a typo. However, let's look at\nhow you can have such a type:\n\n```edition2018\nstruct Type(u32); // this is a tuple struct\n\nenum Foo {\n    Bar(u32), // this is a tuple variant\n}\n\nuse Foo::*; // To use Foo's variant directly, we need to import them in\n            // the scope.\n```\n\nEither way, it should work fine with our previous code:\n\n```edition2018\nstruct Type(u32);\n\nenum Foo {\n    Bar(u32),\n}\nuse Foo::*;\n\nlet Type(x) = Type(12); // ok!\nmatch Type(12) {\n    Type(x) => {} // ok!\n    _ => {}\n}\n```\n"},"level":"error","spans":[{"file_name":"src/lib.rs","byte_start":995,"byte_end":1000,"line_start":35,"line_end":35,"column_start":17,"column_end":22,"is_primary":true,"text":[{"text":"            for Pixel(coord, color) in pixels.into_iter() {","highlight_start":17,"highlight_end":22}],"label":"not found in this scope","suggested_replacement":null,"suggestion_applicability":null,"expansion":null}],"children":[],"rendered":"\u001b[0m\u001b[1m\u001b[38;5;9merror[E0531]\u001b[0m\u001b[0m\u001b[1m: cannot find tuple struct or tuple variant `Pixel` in this scope\u001b[0m\n\u001b[0m  \u001b[0m\u001b[0m\u001b[1m\u001b[38;5;12m--> \u001b[0m\u001b[0msrc/lib.rs:35:17\u001b[0m\n\u001b[0m   \u001b[0m\u001b[0m\u001b[1m\u001b[38;5;12m|\u001b[0m\n\u001b[0m\u001b[1m\u001b[38;5;12m35\u001b[0m\u001b[0m \u001b[0m\u001b[0m\u001b[1m\u001b[38;5;12m| \u001b[0m\u001b[0m            for Pixel(coord, color) in pixels.into_iter() {\u001b[0m\n\u001b[0m   \u001b[0m\u001b[0m\u001b[1m\u001b[38;5;12m| \u001b[0m\u001b[0m                \u001b[0m\u001b[0m\u001b[1m\u001b[38;5;9m^^^^^\u001b[0m\u001b[0m \u001b[0m\u001b[0m\u001b[1m\u001b[38;5;9mnot found in this scope\u001b[0m\n\n"}
{"message":"cannot find trait `OriginDimensions` in this scope","code":{"code":"E0405","explanation":"The code refers to a trait that is not in scope.\n\nErroneous code example:\n\n```compile_fail,E0405\nstruct Foo;\n\nimpl SomeTrait for Foo {} // error: trait `SomeTrait` is not in scope\n```\n\nPlease verify that the name of the trait wasn't misspelled and ensure that it\nwas imported. Example:\n\n```\n# #[cfg(for_demonstration_only)]\n// solution 1:\nuse some_file::SomeTrait;\n\n// solution 2:\ntrait SomeTrait {\n    // some functions\n}\n\nstruct Foo;\n\nimpl SomeTrait for Foo { // ok!\n    // implements functions\n}\n```\n"},"level":"error","spans":[{"file_name":"src/lib.rs","byte_start":1593,"byte_end":1609,"line_start":52,"line_end":52,"column_start":10,"column_end":26,"is_primary":true,"text":[{"text":"    impl OriginDimensions for FrameBufferDisplay {","highlight_start":10,"highlight_end":26}],"label":"not found in this scope","suggested_replacement":null,"suggestion_applicability":null,"expansion":null}],"children":[],"rendered":"\u001b[0m\u001b[1m\u001b[38;5;9merror[E0405]\u001b[0m\u001b[0m\u001b[1m: cannot find trait `OriginDimensions` in this scope\u001b[0m\n\u001b[0m  \u001b[0m\u001b[0m\u001b[1m\u001b[38;5;12m--> \u001b[0m\u001b[0msrc/lib.rs:52:10\u001b[0m\n\u001b[0m   \u001b[0m\u001b[0m\u001b[1m\u001b[38;5;12m|\u001b[0m\n\u001b[0m\u001b[1m\u001b[38;5;12m52\u001b[0m\u001b[0m \u001b[0m\u001b[0m\u001b[1m\u001b[38;5;12m| \u001b[0m\u001b[0m    impl OriginDimensions for FrameBufferDisplay {\u001b[0m\n\u001b[0m   \u001b[0m\u001b[0m\u001b[1m\u001b[38;5;12m| \u001b[0m\u001b[0m         \u001b[0m\u001b[0m\u001b[1m\u001b[38;5;9m^^^^^^^^^^^^^^^^\u001b[0m\u001b[0m \u001b[0m\u001b[0m\u001b[1m\u001b[38;5;9mnot found in this scope\u001b[0m\n\n"}
{"message":"cannot find type `Size` in this scope","code":{"code":"E0412","explanation":"A used type name is not in scope.\n\nErroneous code examples:\n\n```compile_fail,E0412\nimpl Something {} // error: type name `Something` is not in scope\n\n// or:\n\ntrait Foo {\n    fn bar(N); // error: type name `N` is not in scope\n}\n\n// or:\n\nfn foo(x: T) {} // type name `T` is not in scope\n```\n\nTo fix this error, please verify you didn't misspell the type name, you did\ndeclare it or imported it into the scope. Examples:\n\n```\nstruct Something;\n\nimpl Something {} // ok!\n\n// or:\n\ntrait Foo {\n    type N;\n\n    fn bar(_: Self::N); // ok!\n}\n\n// or:\n\nfn foo<T>(x: T) {} // ok!\n```\n\nAnother case that causes this error is when a type is imported into a parent\nmodule. To fix this, you can follow the suggestion and use File directly or\n`use super::File;` which will import the types from the parent namespace. An\nexample that causes this error is below:\n\n```compile_fail,E0412\nuse std::fs::File;\n\nmod foo {\n    fn some_function(f: File) {}\n}\n```\n\n```\nuse std::fs::File;\n\nmod foo {\n    // either\n    use super::File;\n    // or\n    // use std::fs::File;\n    fn foo(f: File) {}\n}\n# fn main() {} // don't insert it for us; that'll break imports\n```\n"},"level":"error","spans":[{"file_name":"/rustc/9bc8c42bb2f19e745a63f3445f1ac248fb015e53/library/core/src/marker.rs","byte_start":3285,"byte_end":3318,"line_start":92,"line_end":94,"column_start":1,"column_end":2,"is_primary":false,"text":[],"label":"similarly named trait `Sized` defined here","suggested_replacement":null,"suggestion_applicability":null,"expansion":null},{"file_name":"src/lib.rs","byte_start":1661,"byte_end":1665,"line_start":53,"line_end":53,"column_start":27,"column_end":31,"is_primary":true,"text":[{"text":"        fn size(&self) -> Size {","highlight_start":27,"highlight_end":31}],"label":null,"suggested_replacement":null,"suggestion_applicability":null,"expansion":null}],"children":[{"message":"a trait with a similar name exists","code":null,"level":"help","spans":[{"file_name":"src/lib.rs","byte_start":1661,"byte_end":1665,"line_start":53,"line_end":53,"column_start":27,"column_end":31,"is_primary":true,"text":[{"text":"        fn size(&self) -> Size {","highlight_start":27,"highlight_end":31}],"label":null,"suggested_replacement":"Sized","suggestion_applicability":"MaybeIncorrect","expansion":null}],"children":[],"rendered":null}],"rendered":"\u001b[0m\u001b[1m\u001b[38;5;9merror[E0412]\u001b[0m\u001b[0m\u001b[1m: cannot find type `Size` in this scope\u001b[0m\n\u001b[0m  \u001b[0m\u001b[0m\u001b[1m\u001b[38;5;12m--> \u001b[0m\u001b[0msrc/lib.rs:53:27\u001b[0m\n\u001b[0m   \u001b[0m\u001b[0m\u001b[1m\u001b[38;5;12m|\u001b[0m\n\u001b[0m\u001b[1m\u001b[38;5;12m53\u001b[0m\u001b[0m \u001b[0m\u001b[0m\u001b[1m\u001b[38;5;12m| \u001b[0m\u001b[0m  \u001b[0m\u001b[0m        fn size(&self) -> Size {\u001b[0m\n\u001b[0m   \u001b[0m\u001b[0m\u001b[1m\u001b[38;5;12m| \u001b[0m\u001b[0m                            \u001b[0m\u001b[0m\u001b[1m\u001b[38;5;9m^^^^\u001b[0m\u001b[0m \u001b[0m\u001b[0m\u001b[1m\u001b[38;5;9mhelp: a trait with a similar name exists: `Sized`\u001b[0m\n\n"}
{"message":"aborting due to 9 previous errors","code":null,"level":"error","spans":[],"children":[],"rendered":"\u001b[0m\u001b[1m\u001b[38;5;9merror\u001b[0m\u001b[0m\u001b[1m: aborting due to 9 previous errors\u001b[0m\n\n"}
{"message":"Some errors have detailed explanations: E0405, E0412, E0432, E0433, E0531.","code":null,"level":"failure-note","spans":[],"children":[],"rendered":"\u001b[0m\u001b[1mSome errors have detailed explanations: E0405, E0412, E0432, E0433, E0531.\u001b[0m\n"}
{"message":"For more information about an error, try `rustc --explain E0405`.","code":null,"level":"failure-note","spans":[],"children":[],"rendered":"\u001b[0m\u001b[1mFor more information about an error, try `rustc --explain E0405`.\u001b[0m\n"}
